<?xml version="1.0" encoding="UTF-8"?>
<!-- Generated by org.testng.reporters.JUnitXMLReporter -->
<testsuite ignored="0" hostname="Ravn05s-MacBook-Pro.local" failures="0" tests="5" name="/Users/ravn05/Downloads/SacredMusicAndroid" time="74.708" errors="0" timestamp="2023-03-03T15:04:28 CST">
  <testcase classname="tests.LibraryTests" name="checkLibraryPageUIComponents" time="7.206"/>
  <testcase classname="tests.LibraryTests" name="switchLanguagePortuguese" time="7.152"/>
  <testcase classname="tests.LibraryTests" name="switchLanguageSpanish" time="5.466"/>
  <testcase classname="tests.SearchTests" name="searchSongRegularCharacters" time="13.806"/>
  <testcase classname="tests.SearchTests" name="searchSongSpecialCharacters" time="5.796"/>
</testsuite> <!-- /Users/ravn05/Downloads/SacredMusicAndroid -->
